2016-04-04 18:45:26,984  INFO [main] SingleMeeting:41 - Browser opened
 2016-04-04 18:51:45,915  INFO [main] RecMeeting:44 - Browser opened
 2016-04-04 18:52:02,292  INFO [main] RecMeeting:132 - Meeting scheduled successfully
 2016-04-04 19:10:46,023  INFO [main] SingleMeeting:41 - Browser opened
 2016-04-04 19:10:54,612  INFO [main] SingleMeeting:111 - Meeting scheduled successfully
 2016-04-04 19:11:48,707 ERROR [main] SingleMeeting:153 - Meeting not edited
 2016-04-04 19:12:19,981 ERROR [main] SingleMeeting:181 - Meeting not deleted
 2016-04-04 19:15:13,156  INFO [main] RecMeeting:44 - Browser opened
 2016-04-04 19:15:29,650  INFO [main] RecMeeting:132 - Meeting scheduled successfully
 2016-04-04 19:16:00,785 ERROR [main] RecMeeting:180 - Meeting not edited
 2016-04-04 19:16:07,874 ERROR [main] RecMeeting:208 - Meeting not deleted
 2016-04-04 19:16:26,493  INFO [main] RecMeeting:44 - Browser opened
 2016-04-04 19:16:43,437  INFO [main] RecMeeting:132 - Meeting scheduled successfully
 2016-04-04 19:17:15,554 ERROR [main] RecMeeting:181 - Meeting not edited
 2016-04-04 19:17:47,891 ERROR [main] RecMeeting:209 - Meeting not deleted
 2016-04-04 19:18:50,789  INFO [main] RecMeeting:44 - Browser opened
 2016-04-04 19:18:50,912 ERROR [main] RecMeeting:71 - Server not accessible
 2016-04-04 19:19:24,122  INFO [main] RecMeeting:44 - Browser opened
 2016-04-04 19:19:40,682  INFO [main] RecMeeting:131 - Meeting scheduled successfully
 2016-04-04 19:19:53,368 ERROR [main] RecMeeting:180 - Meeting not edited
 2016-04-04 19:19:54,373 ERROR [main] RecMeeting:208 - Meeting not deleted
 2016-04-04 19:27:01,096  INFO [main] RecMeeting:44 - Browser opened
 2016-04-04 19:27:16,339  INFO [main] RecMeeting:131 - Meeting scheduled successfully
 2016-04-04 19:27:52,893 ERROR [main] RecMeeting:180 - Meeting not edited
 2016-04-04 19:27:58,405  INFO [main] RecMeeting:201 - Meeting deleted successfully
 2016-04-04 19:30:13,505  INFO [main] RecMeeting:44 - Browser opened
 2016-04-04 19:30:13,572 ERROR [main] RecMeeting:71 - Server not accessible
 2016-04-04 19:30:39,442  INFO [main] RecMeeting:44 - Browser opened
 2016-04-04 19:30:54,717  INFO [main] RecMeeting:131 - Meeting scheduled successfully
 2016-04-04 19:31:31,299 ERROR [main] RecMeeting:182 - Meeting not edited
 2016-04-05 15:25:23,095  INFO [main] SingleMeeting:41 - Browser opened
 2016-04-05 15:25:23,201 ERROR [main] SingleMeeting:68 - Server not accessible
 2016-04-05 15:28:25,982  INFO [main] SingleMeeting:41 - Browser opened
 2016-04-05 15:28:26,091 ERROR [main] SingleMeeting:68 - Server not accessible
 2016-04-05 15:28:37,892  INFO [main] RecMeeting:44 - Browser opened
 2016-04-05 15:28:38,011 ERROR [main] RecMeeting:71 - Server not accessible
 2016-04-05 15:36:31,778  INFO [main] RecMeeting:44 - Browser opened
 2016-04-05 15:36:31,894 ERROR [main] RecMeeting:71 - Server not accessible
 2016-04-05 15:37:33,426  INFO [main] RecMeeting:44 - Browser opened
 2016-04-05 15:37:48,520  INFO [main] RecMeeting:131 - Meeting scheduled successfully
 2016-04-05 15:38:25,092 ERROR [main] RecMeeting:182 - Meeting not edited
 2016-04-05 15:47:31,366  INFO [main] RecMeeting:44 - Browser opened
 2016-04-05 15:47:47,699  INFO [main] RecMeeting:131 - Meeting scheduled successfully
 2016-04-05 15:47:56,435  INFO [main] RecMeeting:175 - Meeting edited successfully
 2016-04-05 15:48:28,815 ERROR [main] RecMeeting:212 - Meeting not deleted
 2016-04-05 15:54:07,796  INFO [main] RecMeeting:44 - Browser opened
 2016-04-05 15:54:07,901 ERROR [main] RecMeeting:71 - Server not accessible
 2016-04-05 15:54:42,178  INFO [main] RecMeeting:44 - Browser opened
 2016-04-05 15:55:00,658  INFO [main] RecMeeting:131 - Meeting scheduled successfully
 2016-04-05 15:55:37,401 ERROR [main] RecMeeting:179 - Meeting not edited
 2016-04-05 15:59:55,457  INFO [main] RecMeeting:44 - Browser opened
 2016-04-05 15:59:55,573 ERROR [main] RecMeeting:71 - Server not accessible
 2016-04-05 16:00:39,393  INFO [main] RecMeeting:44 - Browser opened
 2016-04-05 16:00:39,512 ERROR [main] RecMeeting:71 - Server not accessible
 2016-04-05 16:01:20,343  INFO [main] RecMeeting:44 - Browser opened
 2016-04-05 16:01:36,565  INFO [main] RecMeeting:131 - Meeting scheduled successfully
 2016-04-05 16:01:45,343  INFO [main] RecMeeting:175 - Meeting edited successfully
 2016-04-05 16:01:51,737  INFO [main] RecMeeting:207 - Meeting deleted successfully
 2016-04-05 17:31:36,036  INFO [main] RecMeeting:48 - Browser opened
 2016-04-05 17:32:08,760 ERROR [main] RecMeeting:139 - Meeting not scheduled
 2016-04-05 17:34:32,344  INFO [main] SingleMeeting:41 - Browser opened
 2016-04-05 17:34:32,458 ERROR [main] SingleMeeting:68 - Server not accessible
 2016-04-05 17:34:43,790  INFO [main] RecMeeting:48 - Browser opened
 2016-04-05 17:34:43,903 ERROR [main] RecMeeting:75 - Server not accessible
 2016-04-05 17:36:20,243  INFO [main] RecMeeting:48 - Browser opened
 2016-04-05 17:36:36,624  INFO [main] RecMeeting:135 - Meeting scheduled successfully
 2016-04-05 17:36:45,440  INFO [main] RecMeeting:179 - Meeting edited successfully
 2016-04-05 17:36:51,942  INFO [main] RecMeeting:211 - Meeting deleted successfully
 2016-04-05 17:37:33,509  INFO [main] RecMeeting:48 - Browser opened
 2016-04-05 17:37:33,623 ERROR [main] RecMeeting:75 - Server not accessible
 2016-04-05 17:38:04,697  INFO [main] RecMeeting:48 - Browser opened
 2016-04-05 17:38:21,255  INFO [main] RecMeeting:135 - Meeting scheduled successfully
 2016-04-05 17:38:30,129  INFO [main] RecMeeting:179 - Meeting edited successfully
 2016-04-05 17:38:36,632  INFO [main] RecMeeting:211 - Meeting deleted successfully
 2016-04-05 17:39:44,476  INFO [main] SingleMeeting:42 - Browser opened
 2016-04-05 17:39:44,594 ERROR [main] SingleMeeting:69 - Server not accessible
 2016-04-05 17:39:59,193  INFO [main] RecMeeting:48 - Browser opened
 2016-04-05 17:40:15,384  INFO [main] RecMeeting:135 - Meeting scheduled successfully
 2016-04-05 17:40:24,273  INFO [main] RecMeeting:179 - Meeting edited successfully
 2016-04-05 17:40:30,729  INFO [main] RecMeeting:211 - Meeting deleted successfully
 2016-04-05 17:44:41,086  INFO [main] RecMeeting:48 - Browser opened
 2016-04-05 17:44:59,753 ERROR [main] RecMeeting:145 - Meeting not scheduled
 2016-04-05 17:45:28,015  INFO [main] RecMeeting:48 - Browser opened
 2016-04-05 17:45:50,624 ERROR [main] RecMeeting:145 - Meeting not scheduled
 2016-04-05 17:46:13,134  INFO [main] SingleMeeting:42 - Browser opened
 2016-04-05 17:46:21,792  INFO [main] SingleMeeting:118 - Meeting scheduled successfully
 2016-04-05 17:46:28,443  INFO [main] SingleMeeting:156 - Meeting edited successfully
 2016-04-05 17:46:30,929  INFO [main] SingleMeeting:187 - Meeting deleted successfully
 2016-04-05 17:47:08,826  INFO [main] SingleMeeting:42 - Browser opened
 2016-04-05 17:47:17,359  INFO [main] SingleMeeting:118 - Meeting scheduled successfully
 2016-04-05 17:47:23,960  INFO [main] SingleMeeting:156 - Meeting edited successfully
 2016-04-05 17:47:26,403  INFO [main] SingleMeeting:187 - Meeting deleted successfully
 2016-04-05 17:47:38,697  INFO [main] RecMeeting:48 - Browser opened
 2016-04-05 17:47:38,810 ERROR [main] RecMeeting:81 - Server not accessible
 2016-04-05 17:50:27,337  INFO [main] SingleMeeting:42 - Browser opened
 2016-04-05 17:50:35,974  INFO [main] SingleMeeting:118 - Meeting scheduled successfully
 2016-04-05 17:50:42,497  INFO [main] SingleMeeting:156 - Meeting edited successfully
 2016-04-05 17:50:44,972  INFO [main] SingleMeeting:187 - Meeting deleted successfully
 2016-04-05 17:50:57,949  INFO [main] RecMeeting:48 - Browser opened
 2016-04-05 17:51:14,170  INFO [main] RecMeeting:141 - Meeting scheduled successfully
 2016-04-05 17:51:22,950  INFO [main] RecMeeting:185 - Meeting edited successfully
 2016-04-05 17:51:29,479  INFO [main] RecMeeting:217 - Meeting deleted successfully
 2016-04-05 17:53:09,502  INFO [main] RecMeeting:48 - Browser opened
 2016-04-05 17:53:26,262 ERROR [main] RecMeeting:145 - Meeting not scheduled
 2016-04-05 17:53:35,343  INFO [main] RecMeeting:48 - Browser opened
 2016-04-05 17:54:00,543 ERROR [main] RecMeeting:145 - Meeting not scheduled
 2016-04-05 17:54:15,305  INFO [main] RecMeeting:48 - Browser opened
 2016-04-05 17:54:36,783 ERROR [main] RecMeeting:145 - Meeting not scheduled
 2016-04-05 17:55:03,714  INFO [main] SingleMeeting:42 - Browser opened
 2016-04-05 17:55:12,247  INFO [main] SingleMeeting:118 - Meeting scheduled successfully
 2016-04-05 17:55:18,795  INFO [main] SingleMeeting:156 - Meeting edited successfully
 2016-04-05 17:55:21,344  INFO [main] SingleMeeting:187 - Meeting deleted successfully
 2016-04-05 17:55:34,289  INFO [main] RecMeeting:48 - Browser opened
 2016-04-05 17:55:50,632  INFO [main] RecMeeting:141 - Meeting scheduled successfully
 2016-04-05 17:55:59,430  INFO [main] RecMeeting:185 - Meeting edited successfully
 2016-04-05 17:56:05,879  INFO [main] RecMeeting:217 - Meeting deleted successfully
 2016-04-05 17:57:07,907  INFO [main] SingleMeeting:42 - Browser opened
 2016-04-05 17:57:08,024 ERROR [main] SingleMeeting:75 - Server not accessible
 2016-04-05 17:57:40,047  INFO [main] SingleMeeting:42 - Browser opened
 2016-04-05 17:57:40,163 ERROR [main] SingleMeeting:75 - Server not accessible
 2016-04-05 17:58:10,131  INFO [main] SingleMeeting:42 - Browser opened
 2016-04-05 17:58:18,767  INFO [main] SingleMeeting:118 - Meeting scheduled successfully
 2016-04-05 17:58:25,458  INFO [main] SingleMeeting:156 - Meeting edited successfully
 2016-04-05 17:58:28,004  INFO [main] SingleMeeting:187 - Meeting deleted successfully
 2016-04-05 17:58:53,581  INFO [main] SingleMeeting:42 - Browser opened
 2016-04-05 17:59:02,141  INFO [main] SingleMeeting:118 - Meeting scheduled successfully
 2016-04-05 17:59:08,869  INFO [main] SingleMeeting:156 - Meeting edited successfully
 2016-04-05 17:59:11,485  INFO [main] SingleMeeting:187 - Meeting deleted successfully
 2016-04-05 17:59:42,247  INFO [main] SingleMeeting:42 - Browser opened
 2016-04-05 17:59:51,751  INFO [main] SingleMeeting:118 - Meeting scheduled successfully
 2016-04-05 18:00:22,823 ERROR [main] SingleMeeting:160 - Meeting not edited
 2016-04-05 18:00:53,391  INFO [main] SingleMeeting:42 - Browser opened
 2016-04-05 18:01:02,046  INFO [main] SingleMeeting:118 - Meeting scheduled successfully
 2016-04-05 18:01:08,615  INFO [main] SingleMeeting:156 - Meeting edited successfully
 2016-04-05 18:01:11,139  INFO [main] SingleMeeting:187 - Meeting deleted successfully
 2016-04-05 18:01:23,469  INFO [main] RecMeeting:48 - Browser opened
 2016-04-05 18:01:39,801  INFO [main] RecMeeting:141 - Meeting scheduled successfully
 2016-04-05 18:01:48,564  INFO [main] RecMeeting:185 - Meeting edited successfully
 2016-04-05 18:01:55,047  INFO [main] RecMeeting:217 - Meeting deleted successfully
 2016-04-05 18:02:52,577  INFO [main] SingleMeeting:42 - Browser opened
 2016-04-05 18:02:52,694 ERROR [main] SingleMeeting:75 - Server not accessible
 2016-04-05 18:03:04,282  INFO [main] RecMeeting:48 - Browser opened
 2016-04-05 18:03:20,582  INFO [main] RecMeeting:141 - Meeting scheduled successfully
 2016-04-05 18:03:29,459  INFO [main] RecMeeting:185 - Meeting edited successfully
 2016-04-05 18:03:35,827  INFO [main] RecMeeting:217 - Meeting deleted successfully
 2016-04-05 18:04:44,755  INFO [main] SingleMeeting:42 - Browser opened
 2016-04-05 18:04:53,417  INFO [main] SingleMeeting:118 - Meeting scheduled successfully
 2016-04-05 18:05:00,028  INFO [main] SingleMeeting:156 - Meeting edited successfully
 2016-04-05 18:05:02,474  INFO [main] SingleMeeting:187 - Meeting deleted successfully
 2016-04-05 18:05:15,704  INFO [main] RecMeeting:48 - Browser opened
 2016-04-05 18:05:31,916  INFO [main] RecMeeting:141 - Meeting scheduled successfully
 2016-04-05 18:05:40,683  INFO [main] RecMeeting:185 - Meeting edited successfully
 2016-04-05 18:05:47,157  INFO [main] RecMeeting:217 - Meeting deleted successfully
 2016-04-26 10:37:00,910  INFO [main] SingleMeeting:42 - Browser opened
 2016-04-26 10:37:09,585  INFO [main] SingleMeeting:118 - Meeting scheduled successfully
 2016-04-26 10:37:12,720 ERROR [main] SingleMeeting:160 - Meeting not edited
 2016-04-26 10:56:41,839  INFO [main] SingleMeeting:42 - Browser opened
 2016-04-26 10:56:50,594  INFO [main] SingleMeeting:118 - Meeting scheduled successfully
 2016-04-26 10:56:57,295  INFO [main] SingleMeeting:156 - Meeting edited successfully
 2016-04-26 10:56:59,814  INFO [main] SingleMeeting:187 - Meeting deleted successfully
 2016-04-26 10:57:15,317  INFO [main] RecMeeting:48 - Browser opened
 2016-04-26 10:57:31,852  INFO [main] RecMeeting:141 - Meeting scheduled successfully
 2016-04-26 10:57:40,706  INFO [main] RecMeeting:185 - Meeting edited successfully
 2016-04-26 10:57:47,239  INFO [main] RecMeeting:217 - Meeting deleted successfully
 2016-04-26 18:32:24,907  INFO [main] AllRecTypes:44 - Browser opened
 2016-04-26 18:32:41,774  INFO [main] AllRecTypes:139 - Meeting scheduled successfully
 2016-04-26 18:33:13,832 ERROR [main] AllRecTypes:157 - Meeting not scheduled
 2016-04-26 18:34:58,212  INFO [main] AllRecTypes:44 - Browser opened
 2016-04-26 18:35:15,043  INFO [main] AllRecTypes:139 - Meeting scheduled successfully
 2016-04-26 18:35:20,414  INFO [main] AllRecTypes:152 - Meeting deleted successfully
 2016-04-26 18:35:37,723  INFO [main] AllRecTypes:225 - Meeting scheduled successfully
 2016-04-26 18:36:09,849 ERROR [main] AllRecTypes:242 - Meeting not deleted
 2016-04-26 18:38:53,605  INFO [main] AllRecTypes:44 - Browser opened
 2016-04-26 18:39:10,162  INFO [main] AllRecTypes:139 - Meeting scheduled successfully
 2016-04-26 18:39:15,439  INFO [main] AllRecTypes:152 - Meeting deleted successfully
 2016-04-26 18:39:30,113  INFO [main] AllRecTypes:225 - Meeting scheduled successfully
 2016-04-26 18:39:34,404  INFO [main] AllRecTypes:236 - Meeting deleted successfully
 2016-04-26 18:41:18,903  INFO [main] AllRecTypes:44 - Browser opened
 2016-04-26 18:41:37,957  INFO [main] AllRecTypes:150 - Meeting scheduled successfully
 2016-04-26 18:41:43,405  INFO [main] AllRecTypes:163 - Meeting deleted successfully
 2016-04-26 18:42:01,021  INFO [main] AllRecTypes:244 - Meeting scheduled successfully
 2016-04-26 18:42:05,411  INFO [main] AllRecTypes:255 - Meeting deleted successfully
 2016-05-02 12:25:22,790  INFO [main] SingleMeeting:42 - Browser opened
 2016-05-02 12:25:31,786  INFO [main] SingleMeeting:118 - Meeting scheduled successfully
 2016-05-02 12:25:38,309  INFO [main] SingleMeeting:156 - Meeting edited successfully
 2016-05-02 12:25:40,778  INFO [main] SingleMeeting:187 - Meeting deleted successfully
 2016-05-02 12:25:54,409  INFO [main] RecMeeting:44 - Browser opened
 2016-05-02 12:26:10,794  INFO [main] RecMeeting:139 - Meeting scheduled successfully
 2016-05-02 12:26:19,643  INFO [main] RecMeeting:183 - Meeting edited successfully
 2016-05-02 12:26:26,029  INFO [main] RecMeeting:215 - Meeting deleted successfully
 2016-05-17 15:45:30,504  INFO [main] RecMeeting:44 - Browser opened
 2016-05-17 15:45:30,567 ERROR [main] RecMeeting:71 - Server is restarting
 2016-05-17 16:13:26,285  INFO [main] SingleMeeting:42 - Browser opened
 2016-05-17 16:13:35,235  INFO [main] SingleMeeting:118 - Meeting scheduled successfully
 2016-05-17 16:13:41,890  INFO [main] SingleMeeting:156 - Meeting edited successfully
 2016-05-17 16:13:44,538  INFO [main] SingleMeeting:187 - Meeting deleted successfully
 2016-05-17 16:14:23,965  INFO [main] RecMeeting:44 - Browser opened
 2016-05-17 16:14:40,451  INFO [main] RecMeeting:139 - Meeting scheduled successfully
 2016-05-17 16:14:49,258  INFO [main] RecMeeting:183 - Meeting edited successfully
 2016-05-17 16:14:55,738  INFO [main] RecMeeting:215 - Meeting deleted successfully
 2016-05-18 14:35:38,207  INFO [main] SingleMeeting:42 - Browser opened
 2016-05-18 14:35:47,052  INFO [main] SingleMeeting:118 - Meeting scheduled successfully
 2016-05-18 14:35:53,845  INFO [main] SingleMeeting:156 - Meeting edited successfully
 2016-05-18 14:35:56,460  INFO [main] SingleMeeting:187 - Meeting deleted successfully
 2016-05-18 14:36:10,517  INFO [main] RecMeeting:44 - Browser opened
 2016-05-18 14:36:27,356  INFO [main] RecMeeting:139 - Meeting scheduled successfully
 2016-05-18 14:36:36,223  INFO [main] RecMeeting:183 - Meeting edited successfully
 2016-05-18 14:36:42,738  INFO [main] RecMeeting:215 - Meeting deleted successfully
 2016-05-18 14:36:53,475  INFO [main] AllRecTypes:44 - Browser opened
 2016-05-18 14:37:12,358  INFO [main] AllRecTypes:150 - Meeting scheduled successfully
 2016-05-18 14:37:17,692  INFO [main] AllRecTypes:163 - Meeting deleted successfully
 2016-05-18 14:37:34,816  INFO [main] AllRecTypes:244 - Weekly meeting scheduled successfully
 2016-05-18 14:37:39,277  INFO [main] AllRecTypes:255 - Meeting deleted successfully
 2016-05-18 14:37:56,578  INFO [main] AllRecTypes:334 - monthly rec Meeting scheduled successfully
 2016-05-18 14:38:00,917  INFO [main] AllRecTypes:345 - monthly rec Meeting deleted successfully
 